    Notice.   LIMCRD  within  STARTUP  is invalid.  Replace the bad value  100000   by 2 less than the maximum List 31 = 30002.
   ---   32   cards of disk file read into card cache cells  1   onward.
 <===> Done with  "/"-card sorting by data class.    Remember that the source file appears different from interpreted input data.
Alternative Transients Program (ATP),  Intel Visual Fortran.    All rights reserved by Can/Am user group of Portland, Oregon, USA.
 Date (dd-mth-yy) and time of day (hh.mm.ss) = 23-Oct-19  10.24.09    Name of disk plot file is  rs\student\Desktop\kbo\rezonans.pl4
Consult the 860-page ATP Rule Book of the Can/Am EMTP User Group in Portland,  Oregon, USA.  Source code date is 27 June 2016.
Total size of LABCOM tables = 13046853 INTEGER words.  31 VARDIM  List Sizes follow:  6002  10K  192K  900  420K  1200  15K
  120K  2250  3800  720  2K  72800  510  800K  800  90  254  800K  100K  3K  15K  192K  120  45K  260K  600  210K  1100  19 30002
--------------------------------------------------+--------------------------------------------------------------------------------
Descriptive interpretation of input data cards.   |  Input data card images are shown below, all 80 columns, character by character
                                                  0         1         2         3         4         5         6         7         8
                                                  012345678901234567890123456789012345678901234567890123456789012345678901234567890
--------------------------------------------------+--------------------------------------------------------------------------------
Comment card.   Card index = 1.                   |C data:C:\Users\student\Desktop\kbo\rezonans.atp
  Done keyword load.  NUMREQ, N18 =         111         119
Marker card preceding new EMTP data case.         |BEGIN NEW DATA CASE
Comment card.   Card index = 3.                   |C --------------------------------------------------------
Comment card.   Card index = 4.                   |C Generated by ATPDRAW  paŸdziernik, œroda 23, 2019
Comment card.   Card index = 5.                   |C A Bonneville Power Administration program
Comment card.   Card index = 6.                   |C by H. K. Høidalen at SEfAS/NTNU - NORWAY 1994-2016
Comment card.   Card index = 7.                   |C --------------------------------------------------------
Comment card.   Card index = 8.                   |C  dT  >< Tmax >< Xopt >< Copt ><Epsiln>
Misc. data.     1.000E-06   1.000E-01   0.000E+00 |   1.E-6      .1
Misc. data.    500    1  1  1  1  0  0  1  0  0   |     500       1       1       1       1       0       0       1       0
Comment card.   Card index = 11.                  |C        1         2         3         4         5         6         7         8
Comment card.   Card index = 12.                  |C 345678901234567890123456789012345678901234567890123456789012345678901234567890
Comment card.   Card index = 13.                  |C < n1 >< n2 ><ref1><ref2>< R  >< L  >< C  >
Comment card.   Card index = 14.                  |C < n1 >< n2 ><ref1><ref2>< R  >< A  >< B  ><Leng><><>0
Series R-L-C.   6.000E+00  0.000E+00  0.000E+00   |  XX0004XX0003                6.                                               0
Series R-L-C.   0.000E+00  0.000E+00  3.500E-05   |  XX0002                                 35.                                   0
Series R-L-C.   0.000E+00  6.000E-02  0.000E+00   |  XX0003XX0002                     60.                                         0
Blank card ending branches.  IBR, NTOT = 3  4     |BLANK BRANCH
Comment card.   Card index = 19.                  |C < n 1>< n 2>< Tclose ><Top/Tde ><   Ie   ><Vf/CLOP ><  type  >
Permanently-closed switch used for metering.      |  XX0001XX0004                                        MEASURING                1
Blank card ending switches.   KSWTCH = 1.         |BLANK SWITCH
Comment card.   Card index = 22.                  |C < n 1><>< Ampl.  >< Freq.  ><Phase/T0><   A1   ><   T1   >< TSTART >< TSTOP  >
Source.   3.25E+02  1.10E+02  0.00E+00 -1.00E+00  |14XX0001  325.269119    109.82                                     -1.      100.
Blank card ends electric sources.  KCONST = 1     |BLANK SOURCE
 
List of input elements that are connected to each node.   Only the physical connections of multi-phase lines are shown (capacitive
and inductive coupling are ignored).   Repeated entries indicate parallel connections.   Switches are included,  although sources
(including rotating machinery) are omitted -- except that U.M. usage produces extra,  internally-defined nodes  "UMXXXX".
--------------+------------------------------
From bus name |  Names of all adjacent busses.
--------------+------------------------------
       XX0004 |XX0003*XX0001*
       XX0003 |XX0004*XX0002*
       XX0002 |TERRA *XX0003*
       XX0001 |XX0004*
       TERRA  |XX0002*
       ------ |-------
 
Sinusoidal steady-state phasor solution, branch by branch.   All flows are away from a bus,  and the real part,  magnitude,  or  "P"
is printed above the imaginary part,  the angle,  or  "Q".   The first solution frequency  =  1.09820000E+02  Hertz.
  Bus K                        Phasor  node  voltage              Phasor  branch  current               Power flow       Power loss
             Bus M         Rectangular            Polar          Rectangular            Polar            P  and  Q        P  and  Q
 
 XX0004                    325.269119       325.269119      54.211473648104  54.211496740714      8816.6591366052  8816.6591366052
                                  0.0              0.0      .05003767930059        0.0528845      -8.137855931454              0.0
 
            XX0003    .27711137676E-3  .30022620369167       -54.2114736481  54.211496740714      -.623156041E-13
                      -.3002260758035      -89.9471155      -.0500376793006     -179.9471155      8.1378559314538
 
 XX0002               2.0718953096069  2244.7193273915      54.211473648104  54.211496740714      .7105427358E-14  .7105427358E-14
                      -2244.718371203      -89.9471155      .05003767930059        0.0528845      -60844.79725035   -60844.7972504
 
            TERRA                 0.0              0.0       -54.2114736481  54.211496740714                  0.0
                                  0.0              0.0      -.0500376793006     -179.9471155                  0.0
 
 XX0003               .27711137676E-3  .30022620369167      54.211473648104  54.211496740714      .6237458466E-13  -.157426155E-14
                      -.3002260758035      -89.9471155      .05003767930059        0.0528845      -8.137855931454    60836.6593944
 
            XX0002    2.0718953096069  2244.7193273915       -54.2114736481  54.211496740714      -.639488462E-13
                      -2244.718371203      -89.9471155      -.0500376793006     -179.9471155      60844.797250351
 
     Total network loss  P-loss  by summing injections =   8.816659136605E+03
 
Output for steady-state phasor switch currents.
      Node-K    Node-M            I-real            I-imag            I-magn          Degrees        Power            Reactive
      XX0001    XX0004        5.42114736E+01    5.00376793E-02    5.42114967E+01       0.0529    8.81665914E+03   -8.13785593E+00
 
Solution at nodes with known voltage.   Nodes that are shorted together by switches are shown as a group of names, with the printed
result applying to the composite group.   The entry "MVA" is  SQRT( P**2 + Q**2 )  in units of power,  while  "P.F."  is the
associated power factor.
              Node                Source  node  voltage             Injected  source  current              Injected  source  power
              name         Rectangular            Polar          Rectangular            Polar            P  and  Q    MVA and P.F.
 
               XX0001
              XX0004       325.269119       325.269119      54.211473648104  54.211496740714      8816.6591366052  8816.6628922617
                                  0.0              0.0      .05003767930059        0.0528845      -8.137855931454        0.9999996
 
Card of names for time-step loop output.          |  XX0002
Output voltage differences for pairs of A6 names  |-5XX0003XX0002XX0004XX0003XX0003
Blank card ending requests for output variables.  |BLANK OUTPUT
 
Column headings for the  5   EMTP output variables follow.  These are divided among the 5 possible classes as follows ....
  First  4     output variables are electric-network voltage differences (upper voltage minus lower voltage);
  Next   1     output variables are branch currents (flowing from the upper node to the lower node);
   Step      Time      XX0002     XX0003     XX0004     XX0003     XX0001
                                  XX0002     XX0003     TERRA      XX0004
 ***      Phasor I(0) =  5.4211474E+01                     Switch  "XX0001"  to  "XX0004"  closed in the steady-state.
      0       0.0  2.07189531 -2.0716182 325.268842 .277111E-3 54.2114736
    500     .5E-3   761.12657 -761.02477 305.999918   .1017975 50.9999864
   1000     .1E-2  1430.47818 -1430.2869 250.667175 .191317783 41.7778625
   1500     .0015  1931.23985 -1930.9816 165.791889 .258288101 27.6319815
   2000      .002  2204.39399 -2204.0992 61.3770915 .294816444 10.2295153
   2500     .0025  2217.74785 -2217.4512 -50.271343 .296598667 -8.3785572
   3000      .003  1969.72758 -1969.4642 -155.99502 .263425645 -25.999169
   3500     .0035  1489.56379 -1489.3646 -243.33379 .199207814 -40.555632
   4000      .004  833.846489 -833.73498 -301.99431 .111514217 -50.332385
   4500     .0045  79.8556662 -79.844986 -325.06309 .010680388 -54.177182
   5000      .005   -683.5466 683.455189 -309.82135 -.09140977 -51.636891
   5500     .0055   -1366.389 1366.20631 -258.06541 -.18272459 -43.010901
   6000      .006  -1888.1948 1887.94229   -175.895 -.25250254 -29.315834
   6500     .0065  -2187.4661 2187.17361 -72.994374 -.29252055 -12.165729
   7000      .007  -2228.9322 2228.63415  38.509053 -.29806299 6.41817551
   7500     .0075   -2007.706 2007.43756  145.47397  -.2684774 24.2456617
   8000      .008  -1549.8604  1549.6531 235.293958 -.20725126 39.2156597
   8500     .0085  -909.35487 909.233268 297.383223 -.12160093 49.5638705
   9000      .009  -161.67677 161.655148 324.424194 -.02162109 54.0706989
   9500     .0095   605.05585 -604.97495 313.229939 .080904996 52.2049898
  10000       .01  1300.47922 -1300.3053 265.119765 .173894189 44.1866275
  10500     .0105  1842.63376 -1842.3874 185.763728 .246387533 30.9606213
  11000      .011  2167.62349 -2167.3336  84.514385  .28984177 14.0857308
  11500     .0115  2237.14654 -2236.8474 -26.695456 .299136149 -4.4492427
  12000      .012  2043.00922  -2042.736 -134.75909 .273175865 -22.459848
  12500     .0125  1608.09171 -1607.8767  -226.9406  .21502102 -37.823433
  13000      .013  983.651499 -983.51997 -292.37588 .131525914 -48.729313
  13500     .0135  243.282399 -243.24987   -323.353 .032531184 -53.892167
  14000      .014  -525.75891 525.688611 -316.22115   -.070296 -52.703525
  14500     .0145  -1232.8366 1232.67172 -271.82085 -.16483695 -45.303475
  15000      .015  -1794.6174 1794.37749 -195.38492 -.23994976 -32.564153
  15500     .0155  -2144.8925 2144.60573 -95.921776 -.28678232 -15.986963
  16000      .016  -2242.3799 2242.08005 14.8462926 -.29981561  2.4743821
  16500     .0165  -2075.5901 2075.31257 123.864642 -.27751406  20.644107
  17000      .017  -1664.1803 1663.95776 218.284843 -.22250646 36.3808071
  17500     .0175  -1056.6374 1056.49611  286.97894 -.14127611 47.8298234
  18000      .018  -324.56382 324.520427 321.850947 -.04339671 53.6418244
  18500     .0185  445.761424 -445.70183 318.790999 .059596012 53.1318331
  19000      .019  1163.55117 -1163.3956 278.159729 .155563847 46.3599548
  19500     .0195  1744.20982 -1743.9766 204.745761 .233196627 34.1242936
  20000       .02  2119.30349 -2119.0201 107.201348  .28334518 17.8668913
  20500     .0205  2244.62525 -2244.3251 -2.9773506 .300099571  -.4962251
  21000      .021  2105.40523 -2105.1237 -112.80515 .281485578 -18.800859
  21500     .0215  1718.05129 -1717.8216 -209.33823 .229697316 -34.889705
  22000      .022  1128.21529 -1128.0645 -281.19961 .150838614 -46.866602
  22500     .0225  405.412744 -405.35854 -319.92003 .054203614 -53.320004
  23000      .023  -365.16999 365.121173 -320.93606 -.04881862 -53.489343
  23500     .0235  -1092.7154 1092.56929 -284.12796 -.14608636  -47.35466
  24000      .024  -1691.4781 1691.25194 -213.83378  -.2261362 -35.638963
  24500     .0245  -2090.8905 2090.61098 -118.33807 -.27953403 -19.723012
  25000      .025  -2243.8797 2243.57969 -8.8955555 -.29998689 -1.4825926
  25500     .0255  -2132.4149 2132.12984 101.595352  -.2850846 16.9325587
  26000      .026   -1769.633 1769.39643 200.112673 -.23658376 33.3521122
  26500     .0265  -1198.2898 1198.12964 275.045583 -.16020071 45.8409306
  27000      .027  -485.72143 485.656496 317.562816 -.06493778  52.927136
  27500     .0275  284.091994 -284.05402 322.653474  .03797766  53.775579
  28000      .028  1020.42357 -1020.2872 289.717595 .136416464 48.2862658
  28500     .0285  1636.49246 -1636.2737 222.636858 .218777161  37.106143
  29000      .029  2059.69145 -2059.4161 129.317108 .275353244 21.5528514
  29500     .0295  2240.14416 -2239.8447 20.7566056 .299477121 3.45943427
  30000       .03   2156.5832 -2156.2949  -90.25018 .288305893 -15.041697
  30500     .0305  1818.85671 -1818.6136 -190.62047 .243156382 -31.770079
  31000      .031  1266.76767 -1266.5983 -268.52506 .169349911 -44.754177
  31500     .0315  565.382888  -565.3073 -314.78246 .075585128 -52.463743
  32000      .032  -202.63546 202.608374 -323.94096 -.02708718 -53.990159
  32500     .0325  -946.77208 946.645509 -294.92118 -.12656651  -49.15353
  33000      .033  -1579.3262 1579.11512 -231.14328 -.21112872 -38.523879
  33500     .0335  -2025.7479 2025.47707 -140.12383 -.27080781 -23.353972
  34000      .034  -2233.4237  2233.1251 -32.589996 -.29857043  -5.431666
  34500     .0345  -2177.8778 2177.58669 78.7847529 -.29114478 13.1307922
  35000      .035  -1865.6568 1865.40738 180.874273 -.24940621 30.1457121
  35500     .0355  -1333.5575 1333.37925 261.646736 -.17827401 43.6077894
  36000      .036  -644.29096 644.204831 311.582651 -.08613161 51.9304419
  36500     .0365  120.908933 -120.89277 324.796788   .0161614  54.132798
  37000      .037  871.859026 -871.74248 299.731786 .116549213 49.9552976
  37500     .0375   1520.0556 -1519.8524 239.341697 .203200606 39.8902828
  38000      .038  1989.10502 -1988.8391 150.743834 .265903317 25.1239724
  38500     .0385  2223.72716 -2223.4299 44.3799583 .297267611 7.39665971
  39000      .039  2196.27047 -2195.9769 -67.214347 .293597175 -11.202391
  39500     .0395  1909.97088 -1909.7156 -170.88706  .25532474 -28.481177
  40000       .04  1398.57042 -1398.3835 -254.41977  .18696106 -42.403295
  40500     .0405  722.340514 -722.24395 -307.96767 .096563281 -51.327944
  41000      .041  -39.021304 39.0160893 -325.21983 -.00521465 -54.203305
  41500     .0415  -795.78424 795.677863   -304.143 -.10637762   -50.6905
  42000      .042  -1458.7595  1458.5645  -247.2212 -.19500302 -41.203533
  42500     .0425  -1949.8117 1949.55106 -161.16297 -.26064594 -26.860496
  43000      .043  -2211.0676 2210.77199 -56.110784 -.29557007 -9.3517973
  43500     .0435  -2211.7366 2211.44093 55.5543799 -.29565954 9.25906331
  44000      .044    -1951.74 1951.47905 160.672145 -.26090392 26.7786909
  44500     .0445  -1461.7197 1461.52432 246.853789 -.19539945 41.1422982
  45000      .045  -799.42755  799.32068 303.942317  -.1068663 50.6570529
  45500     .0455  -42.918312 42.9125732 325.209524 -.00573865 54.2015873
  46000      .046  718.649089 -718.55302 308.148947 .096065026 51.3581579
  46500     .0465  1395.51963 -1395.3331 254.771274 .186546605  42.461879
  47000      .047  1907.92028 -1907.6652 171.367364 .255042378 28.5612273
  47500     .0475  2195.46173 -2195.1683 67.7668408 .293479809 11.2944735
  48000      .048   2224.2556 -2223.9583 -43.820388 .297328921  -7.303398
  48500     .0485  1990.90835 -1990.6422 -150.24314  .26613617 -25.040523
  49000      .049  1522.92129 -1522.7177 -238.95888 .203577885  -39.82648
  49500     .0495  875.449343 -875.33232 -299.51197 .117026984 -49.918661
  50000       .05  124.800733 -124.78405 -324.76588 .016684022 -54.127646
  50500     .0505  -640.55635 640.470725 -311.74429   -.085625 -51.957381
  51000      .051  -1330.4202  1330.2424 -261.98187  -.1778424 -43.663645
  51500     .0515  -1863.4866 1863.23748 -181.34341 -.24909987 -30.223901
  52000      .052  -2176.9305 2176.63948 -79.332599 -.29099938   -13.2221
  52500     .0525  -2233.8108  2233.5122 32.0280069 -.29860291 5.33800115
  53000      .053  -2027.4239 2027.15287  139.61393 -.27101441 23.2689884
  53500     .0535  -1582.0936  1581.8821 230.745562 -.21148542 38.4575937
  54000      .054  -950.30461 950.177575 294.682524 -.12703181  49.113754
  54500     .0545  -206.51685 206.489246 323.889482 -.02760698 53.9815804
  55000      .055  561.610081 -561.53501 314.924233 .075071303 52.4873721
  55500     .0555  1263.54809 -1263.3792  268.84338 .168901817   44.80723
  56000      .056   1816.5698  -1816.327 191.077814 .242826137 31.8463023
  56500     .0565  2155.49849 -2155.2104 90.7926457 .288131911 15.1321076
  % % % % % %   Suspended simulation;  plot data space exhausted;  SPY SPACE is required.   LIMBUF =  340000.
  % % % % % %   Suspended simulation;  plot data space exhausted;  SPY SPACE is required.   LIMBUF =  340000.
  +++  Time-sharing disabled.   Send  user-keyed interrupt to silence alarm.
   Current values.  INDBUF  INDBEG  LIMBUF  MFLUSH  NUMDCD  KCARD1  KCARD2
                    339998      50  340000    1000      27       1      28
Plot timespan now in memory (in sec) = 0.00000000E+00   5.66580000E-02
   ++++  Begin plot-data copy from memory to disk.   MFLUSH, INDBUF, N4, Tbeg,  Tend = 1001  339998       1  -1.00000E+00
1.00000E+19
SPY:  57000      .057  2240.38948   -2240.09 -20.192949 .299479653 -3.3654916
  57500     .0575  2061.23789 -2060.9624 -128.79869 .275532029 -21.466449
  58000      .058  1639.15775 -1638.9386 -222.22478 .219111458 -37.037463
  58500     .0585   1023.8936 -1023.7567 -289.46042 .136867472 -48.243403
  59000      .059  287.957787 -287.91929 -322.58151 .038493022 -53.763585
  59500     .0595  -481.91548 481.851059 -317.68454 -.06441789 -52.947424
  60000       .06  -1194.9923 1194.83254 -275.34666 -.15973664  -45.89111
  60500     .0605  -1767.2325 1766.99624 -200.55761  -.2362294 -33.426268
  61000      .061  -2131.1943 2130.90944 -102.13171 -.28488108 -17.021952
  61500     .0615  -2243.9829  2243.6829 8.33098545 -.29995787 1.38849757
  62000      .062  -2092.3053 2092.02563 117.811829 -.27968293 19.6353049
  62500     .0625  -1694.0378 1693.81131 213.407882 -.22644581 35.5679803
  63000      .063  -1096.1183 1095.97173 283.852608 -.14652086 47.3087681
  63500     .0635  -369.01502 368.965689 320.843698  -.0493277 53.4739497
  64000      .064  401.578728 -401.52505 320.021543  .05367888 53.3369238
  64500     .0645  1124.84415 -1124.6938 281.483038 .150358979 46.9138396
  65000      .065  1715.54032  -1715.311 209.770164 .229318315 34.9616939
  65500     .0655  2104.05035 -2103.7691 113.334688  .28125111 18.8891147
  66000      .066  2244.58615 -2244.2861 3.54207897 .300036826 .590346496
  66500     .0665  2120.58476 -2120.3013 -106.66798 .283461497 -17.777997
  67000      .067  1746.66046  -1746.427 -204.30662 .233478658 -34.051104
  67500     .0675  1166.88234 -1166.7264 -277.86657   .1559791 -46.311095
  68000      .068  449.580535 -449.52044 -318.67837 .060096608 -53.113061
  68500     .0685  -320.70688 320.664015 -321.93212 -.04286851 -53.655353
  69000      .069  -1053.1972  1053.0564 -287.24434 -.14078124 -47.874057
  69500     .0695  -1661.5622 1661.34013  -218.7032 -.22210201 -36.450533
  70000       .07  -2074.1028 2073.82552 -124.38665 -.27724674 -20.731108
  70500     .0705  -2242.1986 2241.89884 -15.410423 -.29971633 -2.5684039
  71000      .071  -2146.0386 2145.75169 95.3820063 -.28686265  15.897001
  71500     .0715  -1796.9558 1796.71557 194.933127  -.2402006 32.4888544
  72000      .072  -1236.0916 1235.92634 271.510275  -.1652296 45.2517125
  72500     .0725  -529.54699 529.476204 316.088401 -.07078542 52.6814001
  73000      .073  239.407701  -239.3757  323.41372 .032001146 53.9022866
  73500     .0735   980.14684 -980.01582 292.622901 .131016115 48.7704836
  74000      .074  1605.37013 -1605.1555 227.344818 .214590022 37.8908031
  74500     .0745  2041.39146 -2041.1186 135.272862 .272873226  22.545477
  75000      .075  2236.82325 -2236.5243 27.2582331 .298996741 4.54303884
  75500     .0755  2168.63277 -2168.3429 -83.968933 .289881788 -13.994822
  76000      .076  1844.85664   -1844.61 -185.29988 .246602639 -30.883314
  76500     .0765  1303.65372 -1303.4795  -264.7922 .174260009 -44.132033
  77000      .077  608.807827 -608.72645 -313.07725 .081379901 -52.179542
  77500     .0775  -157.78951 157.768422 -324.46438 -.02109123 -54.077396
  78000      .078  -905.79047 905.669389 -297.61154 -.12107657 -49.601924
  78500     .0785  -1547.0389 1546.83209  -235.6835  -.2067923 -39.280584
  79000      .079    -2005.96 2005.69188 -145.97883 -.26813634 -24.329804
  79500     .0795  -2228.4674 2228.16953 -39.069721 -.29787897 -6.5116202
  80000       .08  -2188.3373 2188.04479 72.4439717 -.29251486 12.0739953
  80500     .0805  -1890.2993 1890.04659 175.419733 -.25267623 29.2366221
  81000      .081  -1369.4788  1369.2957 257.721285  -.1830583 42.9535476
  81500     .0815  -687.25743 687.165567 309.648926 -.09186595 51.6081544
  82000      .082  75.9610729  -75.95092 325.082689 .010153268 54.1804481
  82500     .0825  830.227137 -830.11616 302.203616 .110975819 50.3672694
  83000      .083  1486.64623 -1486.4475 243.708138 .198719194  40.618023
  83500     .0835  1967.85566 -1967.5926 156.490276 .263042351 26.0817127
  84000      .084  2217.14216 -2216.8458 50.8291494 .296364452  8.4715249
  84500     .0845  2205.12591 -2204.8311  -60.82248 .294758314  -10.13708
  85000      .085  1933.22309 -1932.9647 -165.30584 .258413246 -27.550973
  85500     .0855  1433.47899 -1433.2874 -250.30696 .191612734 -41.717827
  86000      .086  764.791275 -764.68905   -305.808 .102229606    -50.968
  86500     .0865  5.96858324 -5.9677851 -325.26783 .798178E-3 -54.211305
  87000      .087  -753.55754 753.456812 -306.39301 -.10072728 -51.065501
  87500     .0875  -1424.2726 1424.08226 -251.40804 -.19038142 -41.901339
  88000      .088  -1927.1292 1926.87155  -166.7932   -.257598 -27.798867
  88500     .0885  -2202.8626 2202.56813 -62.520848 -.29445518 -10.420141
  89000      .089  -2218.9762 2218.67959 49.1199431 -.29660914 8.18665719
  89500     .0895  -1973.5709  1973.3071 154.971671 -.26380603 25.8286118
  90000       .09  -1495.5691  1495.3692  242.55911 -.19991191 40.4265184
  90500     .0905  -841.30604 841.193582 301.559586 -.11245705  50.259931
  91000      .091  -87.890285 87.8785369 325.019558 -.01174853 54.1699263
  91500     .0915  675.883836 -675.79349 310.174135 .090344591 51.6956892
  92000      .092  1360.00122 -1359.8194 258.772935 .181790061 43.1288226
  92500     .0925  1883.83477  -1883.583 176.873881 .251810518 29.4789801
  93000      .093  2185.64772 -2185.3556 74.1292382 .292153663  12.354873
  93500     .0935  2229.86973 -2229.5717 -37.351955 .298064835 -6.2253258
  94000      .094  2011.28896 -2011.0201 -144.43101 .268847381 -24.071835
  94500     .0945  1555.66641 -1555.4585 -234.48805 .207944751 -39.081342
  95000      .095  916.699771 -916.57724 -296.90935 .122534672 -49.484891
  95500     .0955  169.694874 -169.67219  -324.3382 .022683212 -54.056367
  96000      .096  -597.30952 597.229683 -313.54196 -.07984157 -52.256993
  96500     .0965  -1293.9176 1293.74466 -265.79302 -.17295654 -44.298837
  97000      .097  -1838.0302  1837.7845 -186.71888 -.24568759 -31.119813
  97500     .0975  -2165.5205 2165.23105 -85.638852 -.28946295 -14.273142
  98000      .098   -2237.792 2237.49285 25.5341949 -.29912345 4.25569916
  98500     .0985   -2046.327 2046.05347 133.697892 -.27353056 22.2829821
  99000      .099  -1613.6908  1613.4751 226.104536 -.21570056 37.6840894
  99500     .0995  -990.87201 990.739561 291.863481 -.13244903 48.6439136
  % % % % % %   Final time step,  PLTFIL  dumps plot data to ".PL4" disk file.
  Done dumping plot points to C-like disk file.
 100000       0.1  -251.27335 251.239758 323.224663 -.03358766 53.8707772
 
Extrema of output variables follow.   Order and column positioning are the same as for the preceding time-step loop output.
Variable maxima :  2244.71932 2244.41919 325.268982  .30020747  54.211497
Times of maxima :     .002275    .052357    .027316    .002275    .027316
Variable minima :  -2244.7193 -2244.4192 -325.26898 -.30017501 -54.211497
Times of minima :     .006828     .05691    .031869    .006828    .031869
 
Blank card terminating all plot cards.            |BLANK PLOT
 
Memory storage figures for the preceding, now-completed data case.  -------------------------------  Present   Program
A value of  "-9999"  indicates that no figure is available.         23-Oct-19  10.24.09              figure     limit  (name)
     Size List 1.   Number of electric network nodes.                                                    5      6000  (LBUS)
     Size List 2.   Number of electric network branches.                                                 3     10000  (LBRNCH)
     Size List 3.   Number of data values in R, L, C tables.                                             3      192K  (LDATA)
     Size List 4.   Number of electric network sources.                                                  1       900  (LEXCT)
     Size List 5.   Storage for [Y] & triangularized [Y].  No. times = 1   Factors = 5                  12      420K  (LYMAT)
     Size List 6.   Number of entries in switch table.                  No. flops = 1                    1      1200  (LSWTCH)
     Size List 7.   Number of distinct ALPHANUMERIC data names plus program SPY variables.               7     15000  (LSIZE7)
     Size List 8.   History points of distributed lines.                                                 0      120K  (LPAST)
     Size List 9.   Number of nonlinear elements.                                                        0      2250  (LNONL)
     Size List 10.  Points of nonlinear characteristics.                                                 0      3800  (LCHAR)
     Size List 11.  Number of Type-59 S.M. outputs.                                                      0       720  (LSMOUT)
     Size List 12.  Total number of EMTP output variables.                                               5      2000  (LSIZ12)
     Size List 13.  Working space for batch/SPY plotting.                                            -9999     72800  (LSIZ13)
     Size List 14.  S.M./U.M. connections to TACS.                                                   -9999       510  (LBSTAC)
     Size List 15.  Character storage in bytes for MODELS.                                           -9999      800K  (LCTACS)
     Size List 16.  Total number of Type-59 S.M. masses.                                                 0       800  (LIMASS)
     Size List 17.  Number of Type-59 Synchronous machines.                                              0        90  (LSYN)
     Size List 18.  Branch and switch power/energy outputs.                                              0       254  (MAXPE)
     Size List 19.  Total floating-point TACS table space.                                              23      800K  (LTACST)
     Size List 20.  Non-copied recursive convolution data plus SEEK of MODELS.                           0      100K  (LFSEM)
     Size List 21.  Total modal/phase [T] matrix storage.                                                0      3000  (LFD)
     Size List 22.  Total recursive convolution history.                                                 0     15000  (LHIST)
     Size List 23.  Giant vectors for renumbering, phasors;  also extrema accumulation.                  6      192K  (LSIZ23)
     Size List 24.  Peak phases of compensation for data.                                                0       120  (LCOMP)
     Size List 25.  Total table space for all U.M usage.                                             -9999     45000  (LSPCUM)
     Size List 26.  Square of max number of coupled phases.                                              0      260K  (LSIZ26)
     Size List 27.  Maximum number of MODELS top variables.                                          -9999       600  (LSIZ27)
     Size List 28.  MODELS.  Total work space is divided into INTEGER and REAL.  1st, REAL:          -9999      210K  (LRTACS)
                             Second  and last,  statistics for INTEGER work space.                       0         0  (LITACS)
     Size List 29.  RAM disk used by "TAPSAV" table saving (limit is "LABCOM" size LTLABL).          -9999      1100  (LSIZ29)
     Size List 30.  Taku Noda frequency-dependent circuits.                                              0        19  (LSIZ30)
Timing figures characterizing central processor (CP) solution speed.  ----------------------------   CP sec  Wait sec  Real sec
     Data input time (through blank card ending branches) ....                                       0.000     0.000     0.000
     Node renumbering and phasor solution  ....                                                      0.000     0.000     0.000
     After phasor solution, but before time-step loop  ....                                          0.000     0.000     0.000
     Integration of equations (time-step loop)  ....                                                 0.078     0.000     0.078
     Plotting or STATISTICS termination overlays ....                                                0.000     0.000     0.000
                                                                                                    ---------------------------
                                                                                          Totals      0.078     0.000     0.078
 
