    Notice.   LIMCRD  within  STARTUP  is invalid.  Replace the bad value  100000   by 2 less than the maximum List 31 = 30002.
   ---   32   cards of disk file read into card cache cells  1   onward.
 <===> Done with  "/"-card sorting by data class.    Remember that the source file appears different from interpreted input data.
Alternative Transients Program (ATP),  Intel Visual Fortran.    All rights reserved by Can/Am user group of Portland, Oregon, USA.
 Date (dd-mth-yy) and time of day (hh.mm.ss) = 20-Nov-19  10.41.22    Name of disk plot file is  rs\student\Desktop\kbo\cw3\cw3.pl4
Consult the 860-page ATP Rule Book of the Can/Am EMTP User Group in Portland,  Oregon, USA.  Source code date is 27 June 2016.
Total size of LABCOM tables = 13046853 INTEGER words.  31 VARDIM  List Sizes follow:  6002  10K  192K  900  420K  1200  15K
  120K  2250  3800  720  2K  72800  510  800K  800  90  254  800K  100K  3K  15K  192K  120  45K  260K  600  210K  1100  19 30002
--------------------------------------------------+--------------------------------------------------------------------------------
Descriptive interpretation of input data cards.   |  Input data card images are shown below, all 80 columns, character by character
                                                  0         1         2         3         4         5         6         7         8
                                                  012345678901234567890123456789012345678901234567890123456789012345678901234567890
--------------------------------------------------+--------------------------------------------------------------------------------
Comment card.   Card index = 1.                   |C data:C:\Users\student\Desktop\kbo\cw3\cw3.atp
  Done keyword load.  NUMREQ, N18 =         111         119
Marker card preceding new EMTP data case.         |BEGIN NEW DATA CASE
Comment card.   Card index = 3.                   |C --------------------------------------------------------
Comment card.   Card index = 4.                   |C Generated by ATPDRAW  listopad, œroda 20, 2019
Comment card.   Card index = 5.                   |C A Bonneville Power Administration program
Comment card.   Card index = 6.                   |C by H. K. Høidalen at SEfAS/NTNU - NORWAY 1994-2016
Comment card.   Card index = 7.                   |C --------------------------------------------------------
Comment card.   Card index = 8.                   |C  dT  >< Tmax >< Xopt >< Copt ><Epsiln>
Misc. data.     1.000E-03   2.600E+00   0.000E+00 |    .001     2.6
Misc. data.    500    1  1  1  1  0  0  1  0  0   |     500       1       1       1       1       0       0       1       0
Comment card.   Card index = 11.                  |C        1         2         3         4         5         6         7         8
Comment card.   Card index = 12.                  |C 345678901234567890123456789012345678901234567890123456789012345678901234567890
Comment card.   Card index = 13.                  |C < n1 >< n2 ><ref1><ref2>< R  >< L  >< C  >
Comment card.   Card index = 14.                  |C < n1 >< n2 ><ref1><ref2>< R  >< A  >< B  ><Leng><><>0
Series R-L-C.   1.300E+01  0.000E+00  0.000E+00   |  XX0002XX0001               13.                                               1
Series R-L-C.   6.000E-01  0.000E+00  0.000E+00   |  XX0001                      .6                                               0
Series R-L-C.   0.000E+00  0.000E+00  7.000E-06   |  XX0001XX0003                            7.                                   1
Series R-L-C.   0.000E+00  6.000E-02  0.000E+00   |  XX0003                           60.                                         0
Blank card ending branches.  IBR, NTOT = 4  4     |BLANK BRANCH
Comment card.   Card index = 20.                  |C < n 1>< n 2>< Tclose ><Top/Tde ><   Ie   ><Vf/CLOP ><  type  >
Switch.  -1.00E+00  1.30E+00  1.00E+06  0.00E+00  |  XX0004XX0002       -1.       1.3      1.E6                                   0
Blank card ending switches.   KSWTCH = 1.         |BLANK SWITCH
Comment card.   Card index = 23.                  |C < n 1><>< Ampl.  >< Freq.  ><Phase/T0><   A1   ><   T1   >< TSTART >< TSTOP  >
Source.   1.30E+02  0.00E+00  0.00E+00 -1.00E+00  |11XX0004 0      130.                                               -1.      1.E3
Blank card ends electric sources.  KCONST = 1     |BLANK SOURCE
 
List of input elements that are connected to each node.   Only the physical connections of multi-phase lines are shown (capacitive
and inductive coupling are ignored).   Repeated entries indicate parallel connections.   Switches are included,  although sources
(including rotating machinery) are omitted -- except that U.M. usage produces extra,  internally-defined nodes  "UMXXXX".
--------------+------------------------------
From bus name |  Names of all adjacent busses.
--------------+------------------------------
       XX0002 |XX0001*XX0004*
       XX0001 |TERRA *XX0002*XX0003*
       XX0003 |TERRA *XX0001*
       XX0004 |XX0002*
       TERRA  |XX0001*XX0003*
       ------ |--------------
 
Card of names for time-step loop output.          |  XX0001
Blank card ending requests for output variables.  |BLANK OUTPUT
 
Column headings for the  3   EMTP output variables follow.  These are divided among the 5 possible classes as follows ....
  First  1     output variables are electric-network voltage differences (upper voltage minus lower voltage);
  Next   2     output variables are branch currents (flowing from the upper node to the lower node);
   Step      Time      XX0001     XX0002     XX0001
                                  XX0001     XX0003
 ***                    Switch  "XX0004"  to  "XX0002"  closed before  0.00000000E+00  sec.
      0       0.0         0.0        0.0        0.0
    500       0.5  5.73453057 9.55888226 .001331309
   1000       1.0  5.73472605 9.55886723 .990469E-3
 ***                                                             Open  switch  "XX0004"  to  "XX0002"  after  1.30100000E+00  sec.
   1500       1.5  -.00174042 -.1668E-19 .002900701
   2000       2.0  .001963793        0.0 -.00327299
   2500       2.5  -.62846E-3  -.834E-20 .001047433
  % % % % % %   Final time step,  PLTFIL  dumps plot data to ".PL4" disk file.
  Done dumping plot points to C-like disk file.
   2600       2.6  -.30565E-3  -.417E-20 .509418E-3
 
Extrema of output variables follow.   Order and column positioning are the same as for the preceding time-step loop output.
Variable maxima :  5.76295148 9.56088658 .047454079
Times of maxima :        .004       .016      1.305
Variable minima :  -.02847245 -.2669E-18  -.0482231
Times of minima :       1.305      1.305       .004
 
Blank card terminating all plot cards.            |BLANK PLOT
 
Memory storage figures for the preceding, now-completed data case.  -------------------------------  Present   Program
A value of  "-9999"  indicates that no figure is available.         20-Nov-19  10.41.22              figure     limit  (name)
     Size List 1.   Number of electric network nodes.                                                    5      6000  (LBUS)
     Size List 2.   Number of electric network branches.                                                 4     10000  (LBRNCH)
     Size List 3.   Number of data values in R, L, C tables.                                             4      192K  (LDATA)
     Size List 4.   Number of electric network sources.                                                  1       900  (LEXCT)
     Size List 5.   Storage for [Y] & triangularized [Y].  No. times = 2   Factors = 7                  14      420K  (LYMAT)
     Size List 6.   Number of entries in switch table.                  No. flops = 2                    1      1200  (LSWTCH)
     Size List 7.   Number of distinct ALPHANUMERIC data names plus program SPY variables.               8     15000  (LSIZE7)
     Size List 8.   History points of distributed lines.                                                 0      120K  (LPAST)
     Size List 9.   Number of nonlinear elements.                                                        0      2250  (LNONL)
     Size List 10.  Points of nonlinear characteristics.                                                 0      3800  (LCHAR)
     Size List 11.  Number of Type-59 S.M. outputs.                                                      0       720  (LSMOUT)
     Size List 12.  Total number of EMTP output variables.                                               3      2000  (LSIZ12)
     Size List 13.  Working space for batch/SPY plotting.                                            -9999     72800  (LSIZ13)
     Size List 14.  S.M./U.M. connections to TACS.                                                   -9999       510  (LBSTAC)
     Size List 15.  Character storage in bytes for MODELS.                                           -9999      800K  (LCTACS)
     Size List 16.  Total number of Type-59 S.M. masses.                                                 0       800  (LIMASS)
     Size List 17.  Number of Type-59 Synchronous machines.                                              0        90  (LSYN)
     Size List 18.  Branch and switch power/energy outputs.                                              0       254  (MAXPE)
     Size List 19.  Total floating-point TACS table space.                                              23      800K  (LTACST)
     Size List 20.  Non-copied recursive convolution data plus SEEK of MODELS.                           0      100K  (LFSEM)
     Size List 21.  Total modal/phase [T] matrix storage.                                                0      3000  (LFD)
     Size List 22.  Total recursive convolution history.                                                 0     15000  (LHIST)
     Size List 23.  Giant vectors for renumbering, phasors;  also extrema accumulation.                  3      192K  (LSIZ23)
     Size List 24.  Peak phases of compensation for data.                                                0       120  (LCOMP)
     Size List 25.  Total table space for all U.M usage.                                             -9999     45000  (LSPCUM)
     Size List 26.  Square of max number of coupled phases.                                              0      260K  (LSIZ26)
     Size List 27.  Maximum number of MODELS top variables.                                          -9999       600  (LSIZ27)
     Size List 28.  MODELS.  Total work space is divided into INTEGER and REAL.  1st, REAL:          -9999      210K  (LRTACS)
                             Second  and last,  statistics for INTEGER work space.                       0         0  (LITACS)
     Size List 29.  RAM disk used by "TAPSAV" table saving (limit is "LABCOM" size LTLABL).          -9999      1100  (LSIZ29)
     Size List 30.  Taku Noda frequency-dependent circuits.                                              0        19  (LSIZ30)
Timing figures characterizing central processor (CP) solution speed.  ----------------------------   CP sec  Wait sec  Real sec
     Data input time (through blank card ending branches) ....                                       0.000     0.000     0.000
     Node renumbering and phasor solution  ....                                                      0.000     0.000     0.000
     After phasor solution, but before time-step loop  ....                                          0.000     0.000     0.000
     Integration of equations (time-step loop)  ....                                                 0.000     0.000     0.000
     Plotting or STATISTICS termination overlays ....                                                0.000     0.000     0.000
                                                                                                    ---------------------------
                                                                                          Totals      0.000     0.000     0.000
 
